2021-04-02 08:45:54.169  INFO 1052 --- [main] .o.e.a.ConnectorEwalletVietinApplication : Starting ConnectorEwalletVietinApplication using Java 1.8.0_281 on DESKTOP-KIDEAN2 with PID 1052 (E:\OneFin\source_code\conn-ewallet-vietinbank\target\classes started by Thai Ta in E:\OneFin\source_code\conn-ewallet-vietinbank)
2021-04-02 08:45:54.173  INFO 1052 --- [main] .o.e.a.ConnectorEwalletVietinApplication : No active profile set, falling back to default profiles: default
2021-04-02 08:45:55.147  INFO 1052 --- [main] o.s.b.w.embedded.tomcat.TomcatWebServer  : Tomcat initialized with port(s): 8060 (http)
2021-04-02 08:45:55.158  INFO 1052 --- [main] o.apache.catalina.core.StandardService   : Starting service [Tomcat]
2021-04-02 08:45:55.158  INFO 1052 --- [main] org.apache.catalina.core.StandardEngine  : Starting Servlet engine: [Apache Tomcat/9.0.43]
2021-04-02 08:45:55.220  INFO 1052 --- [main] o.a.c.c.C.[Tomcat].[localhost].[/]       : Initializing Spring embedded WebApplicationContext
2021-04-02 08:45:55.221  INFO 1052 --- [main] w.s.c.ServletWebServerApplicationContext : Root WebApplicationContext: initialization completed in 976 ms
2021-04-02 08:45:55.379  INFO 1052 --- [main] o.s.s.concurrent.ThreadPoolTaskExecutor  : Initializing ExecutorService 'applicationTaskExecutor'
2021-04-02 08:45:55.608  INFO 1052 --- [main] o.s.b.w.embedded.tomcat.TomcatWebServer  : Tomcat started on port(s): 8060 (http) with context path ''
2021-04-02 08:45:55.621  INFO 1052 --- [main] .o.e.a.ConnectorEwalletVietinApplication : Started ConnectorEwalletVietinApplication in 1.978 seconds (JVM running for 3.424)
2021-04-02 08:52:46.416  INFO 1052 --- [http-nio-8060-exec-1] o.a.c.c.C.[Tomcat].[localhost].[/]       : Initializing Spring DispatcherServlet 'dispatcherServlet'
2021-04-02 08:52:46.416  INFO 1052 --- [http-nio-8060-exec-1] o.s.web.servlet.DispatcherServlet        : Initializing Servlet 'dispatcherServlet'
2021-04-02 08:52:46.417  INFO 1052 --- [http-nio-8060-exec-1] o.s.web.servlet.DispatcherServlet        : Completed initialization in 1 ms
2021-04-02 08:52:46.617  INFO 1052 --- [http-nio-8060-exec-1] c.o.e.controller.VietinController        : == RequestID 12345 - Send TokenIssue Request to VIETIN
2021-04-02 08:52:46.618  INFO 1052 --- [http-nio-8060-exec-1] c.onefin.ewalletvtb.common.VietinUtils   : == Before Sign Data :: 1234512345123451234512345123451241444123451.0
2021-04-02 08:52:46.624  INFO 1052 --- [http-nio-8060-exec-1] c.onefin.ewalletvtb.common.VietinUtils   : == After Sign Data :: null
2021-04-02 08:52:46.624  INFO 1052 --- [http-nio-8060-exec-1] c.o.e.controller.VietinController        : == RequestID 12345 - TokenIssue Request : {custIDNo=, transTime=12345, cardHolderName=12345, signature=null, cardIssueDate=12345, channel=12345, language=, version=1.0, mac=, merchantId=1444, requestId=12345, providerId=124, clientIP=, providerCustId=12345, cardNumber=12345, custPhoneNo=}
2021-04-02 08:52:46.624  INFO 1052 --- [http-nio-8060-exec-1] c.o.e.controller.VietinController        : == URL :: https://api-uat.vietinbank.vn/vtb-api-uat/development/v1/ewallet/tokenIssue
2021-04-02 08:52:47.420 ERROR 1052 --- [http-nio-8060-exec-1] c.o.e.controller.VietinController        : == Error response from Vietin!!!https://api-uat.vietinbank.vn/vtb-api-uat/development/v1/ewallet/tokenIssue
2021-04-02 08:52:47.421 ERROR 1052 --- [http-nio-8060-exec-1] c.onefin.ewalletvtb.common.VietinUtils   : == Failure response from VIETIN!
2021-04-02 09:41:58.899  INFO 1052 --- [RMI TCP Connection(63)-127.0.0.1] inMXBeanRegistrar$SpringApplicationAdmin : Application shutdown requested.
2021-04-02 09:41:59.099  INFO 1052 --- [RMI TCP Connection(63)-127.0.0.1] o.s.s.concurrent.ThreadPoolTaskExecutor  : Shutting down ExecutorService 'applicationTaskExecutor'
2021-04-02 10:18:29.902  INFO 17024 --- [main] .o.e.a.ConnectorEwalletVietinApplication : Starting ConnectorEwalletVietinApplication using Java 1.8.0_281 on DESKTOP-KIDEAN2 with PID 17024 (E:\OneFin\source_code\conn-ewallet-vietinbank\target\classes started by Thai Ta in E:\OneFin\source_code\conn-ewallet-vietinbank)
2021-04-02 10:18:29.913  INFO 17024 --- [main] .o.e.a.ConnectorEwalletVietinApplication : No active profile set, falling back to default profiles: default
2021-04-02 10:18:30.814  INFO 17024 --- [main] o.s.b.w.embedded.tomcat.TomcatWebServer  : Tomcat initialized with port(s): 8060 (http)
2021-04-02 10:18:30.823  INFO 17024 --- [main] o.apache.catalina.core.StandardService   : Starting service [Tomcat]
2021-04-02 10:18:30.824  INFO 17024 --- [main] org.apache.catalina.core.StandardEngine  : Starting Servlet engine: [Apache Tomcat/9.0.43]
2021-04-02 10:18:30.893  INFO 17024 --- [main] o.a.c.c.C.[Tomcat].[localhost].[/]       : Initializing Spring embedded WebApplicationContext
2021-04-02 10:18:30.893  INFO 17024 --- [main] w.s.c.ServletWebServerApplicationContext : Root WebApplicationContext: initialization completed in 924 ms
2021-04-02 10:18:31.100  INFO 17024 --- [main] o.s.s.concurrent.ThreadPoolTaskExecutor  : Initializing ExecutorService 'applicationTaskExecutor'
2021-04-02 10:18:31.283  INFO 17024 --- [main] o.s.b.w.embedded.tomcat.TomcatWebServer  : Tomcat started on port(s): 8060 (http) with context path ''
2021-04-02 10:18:31.295  INFO 17024 --- [main] .o.e.a.ConnectorEwalletVietinApplication : Started ConnectorEwalletVietinApplication in 1.823 seconds (JVM running for 2.655)
2021-04-02 10:18:38.200  INFO 17024 --- [http-nio-8060-exec-2] o.a.c.c.C.[Tomcat].[localhost].[/]       : Initializing Spring DispatcherServlet 'dispatcherServlet'
2021-04-02 10:18:38.200  INFO 17024 --- [http-nio-8060-exec-2] o.s.web.servlet.DispatcherServlet        : Initializing Servlet 'dispatcherServlet'
2021-04-02 10:18:38.201  INFO 17024 --- [http-nio-8060-exec-2] o.s.web.servlet.DispatcherServlet        : Completed initialization in 1 ms
2021-04-02 10:18:38.329  INFO 17024 --- [http-nio-8060-exec-2] c.o.e.controller.VietinController        : == RequestID 12345 - Send TokenIssue Request to VIETIN
2021-04-02 10:18:38.330  INFO 17024 --- [http-nio-8060-exec-2] c.onefin.ewalletvtb.common.VietinUtils   : == Before Sign Data :: 1234512345123451234512345123451241444123451.0
2021-04-02 10:18:38.335  INFO 17024 --- [http-nio-8060-exec-2] c.onefin.ewalletvtb.common.VietinUtils   : == After Sign Data :: null
2021-04-02 10:18:38.335  INFO 17024 --- [http-nio-8060-exec-2] c.o.e.controller.VietinController        : == RequestID 12345 - TokenIssue Request : {custIDNo=, transTime=12345, cardHolderName=12345, signature=null, cardIssueDate=12345, channel=12345, language=, version=1.0, mac=, merchantId=1444, requestId=12345, providerId=124, clientIP=, providerCustId=12345, cardNumber=12345, custPhoneNo=}
2021-04-02 10:18:38.335  INFO 17024 --- [http-nio-8060-exec-2] c.o.e.controller.VietinController        : == URL :: https://api-uat.vietinbank.vn/vtb-api-uat/development/v1/ewallet/tokenIssue
2021-04-02 10:18:38.992 ERROR 17024 --- [http-nio-8060-exec-2] c.o.e.controller.VietinController        : == Error response from Vietin!!!https://api-uat.vietinbank.vn/vtb-api-uat/development/v1/ewallet/tokenIssue
2021-04-02 10:18:38.992 ERROR 17024 --- [http-nio-8060-exec-2] c.onefin.ewalletvtb.common.VietinUtils   : == Failure response from VIETIN!
2021-04-02 10:27:55.791  INFO 75972 --- [main] .o.e.a.ConnectorEwalletVietinApplication : Starting ConnectorEwalletVietinApplication using Java 1.8.0_281 on DESKTOP-KIDEAN2 with PID 75972 (E:\OneFin\source_code\conn-ewallet-vietinbank\target\classes started by Thai Ta in E:\OneFin\source_code\conn-ewallet-vietinbank)
2021-04-02 10:27:55.795  INFO 75972 --- [main] .o.e.a.ConnectorEwalletVietinApplication : No active profile set, falling back to default profiles: default
2021-04-02 10:27:56.559  INFO 75972 --- [main] o.s.b.w.embedded.tomcat.TomcatWebServer  : Tomcat initialized with port(s): 8060 (http)
2021-04-02 10:27:56.567  INFO 75972 --- [main] o.apache.catalina.core.StandardService   : Starting service [Tomcat]
2021-04-02 10:27:56.568  INFO 75972 --- [main] org.apache.catalina.core.StandardEngine  : Starting Servlet engine: [Apache Tomcat/9.0.43]
2021-04-02 10:27:56.623  INFO 75972 --- [main] o.a.c.c.C.[Tomcat].[localhost].[/]       : Initializing Spring embedded WebApplicationContext
2021-04-02 10:27:56.623  INFO 75972 --- [main] w.s.c.ServletWebServerApplicationContext : Root WebApplicationContext: initialization completed in 783 ms
2021-04-02 10:27:56.818  INFO 75972 --- [main] o.s.s.concurrent.ThreadPoolTaskExecutor  : Initializing ExecutorService 'applicationTaskExecutor'
2021-04-02 10:27:56.974  INFO 75972 --- [main] o.s.b.w.embedded.tomcat.TomcatWebServer  : Tomcat started on port(s): 8060 (http) with context path ''
2021-04-02 10:27:56.985  INFO 75972 --- [main] .o.e.a.ConnectorEwalletVietinApplication : Started ConnectorEwalletVietinApplication in 1.59 seconds (JVM running for 2.347)
2021-04-02 10:28:10.767  INFO 75972 --- [http-nio-8060-exec-2] o.a.c.c.C.[Tomcat].[localhost].[/]       : Initializing Spring DispatcherServlet 'dispatcherServlet'
2021-04-02 10:28:10.767  INFO 75972 --- [http-nio-8060-exec-2] o.s.web.servlet.DispatcherServlet        : Initializing Servlet 'dispatcherServlet'
2021-04-02 10:28:10.768  INFO 75972 --- [http-nio-8060-exec-2] o.s.web.servlet.DispatcherServlet        : Completed initialization in 1 ms
2021-04-02 10:28:10.900  INFO 75972 --- [http-nio-8060-exec-2] c.o.e.controller.VietinController        : == RequestID 12345 - Send TokenIssue Request to VIETIN
2021-04-02 10:28:10.901  INFO 75972 --- [http-nio-8060-exec-2] c.onefin.ewalletvtb.common.VietinUtils   : == Before Sign Data :: 1234512345123451234512345123451241444123451.0
2021-04-02 10:28:10.907  INFO 75972 --- [http-nio-8060-exec-2] c.onefin.ewalletvtb.common.VietinUtils   : == After Sign Data :: null
2021-04-02 10:28:10.907  INFO 75972 --- [http-nio-8060-exec-2] c.o.e.controller.VietinController        : == RequestID 12345 - TokenIssue Request : {custIDNo=, transTime=12345, cardHolderName=12345, signature=null, cardIssueDate=12345, channel=12345, language=, version=1.0, mac=, merchantId=1444, requestId=12345, providerId=124, clientIP=, providerCustId=12345, cardNumber=12345, custPhoneNo=}
2021-04-02 10:28:10.907  INFO 75972 --- [http-nio-8060-exec-2] c.o.e.controller.VietinController        : == URL :: https://api-uat.vietinbank.vn/vtb-api-uat/development/v1/ewallet/tokenIssue
2021-04-02 10:28:11.583 ERROR 75972 --- [http-nio-8060-exec-2] c.o.e.controller.VietinController        : == Error response from Vietin!!!https://api-uat.vietinbank.vn/vtb-api-uat/development/v1/ewallet/tokenIssue
2021-04-02 10:28:11.583 ERROR 75972 --- [http-nio-8060-exec-2] c.onefin.ewalletvtb.common.VietinUtils   : == Failure response from VIETIN!
2021-04-02 10:28:14.436  INFO 75972 --- [http-nio-8060-exec-3] c.o.e.controller.VietinController        : == RequestID 12345 - Send TokenIssue Request to VIETIN
2021-04-02 10:28:14.437  INFO 75972 --- [http-nio-8060-exec-3] c.onefin.ewalletvtb.common.VietinUtils   : == Before Sign Data :: 1234512345123451234512345123451241444123451.0
2021-04-02 10:28:14.439  INFO 75972 --- [http-nio-8060-exec-3] c.onefin.ewalletvtb.common.VietinUtils   : == After Sign Data :: null
2021-04-02 10:28:14.439  INFO 75972 --- [http-nio-8060-exec-3] c.o.e.controller.VietinController        : == RequestID 12345 - TokenIssue Request : {custIDNo=, transTime=12345, cardHolderName=12345, signature=null, cardIssueDate=12345, channel=12345, language=, version=1.0, mac=, merchantId=1444, requestId=12345, providerId=124, clientIP=, providerCustId=12345, cardNumber=12345, custPhoneNo=}
2021-04-02 10:28:14.439  INFO 75972 --- [http-nio-8060-exec-3] c.o.e.controller.VietinController        : == URL :: https://api-uat.vietinbank.vn/vtb-api-uat/development/v1/ewallet/tokenIssue
2021-04-02 10:28:14.590 ERROR 75972 --- [http-nio-8060-exec-3] c.o.e.controller.VietinController        : == Error response from Vietin!!!https://api-uat.vietinbank.vn/vtb-api-uat/development/v1/ewallet/tokenIssue
2021-04-02 10:28:14.590 ERROR 75972 --- [http-nio-8060-exec-3] c.onefin.ewalletvtb.common.VietinUtils   : == Failure response from VIETIN!
2021-04-02 10:34:37.890  INFO 72000 --- [main] .o.e.a.ConnectorEwalletVietinApplication : Starting ConnectorEwalletVietinApplication using Java 1.8.0_281 on DESKTOP-KIDEAN2 with PID 72000 (E:\OneFin\source_code\conn-ewallet-vietinbank\target\classes started by Thai Ta in E:\OneFin\source_code\conn-ewallet-vietinbank)
2021-04-02 10:34:37.902  INFO 72000 --- [main] .o.e.a.ConnectorEwalletVietinApplication : No active profile set, falling back to default profiles: default
2021-04-02 10:34:38.686  INFO 72000 --- [main] o.s.b.w.embedded.tomcat.TomcatWebServer  : Tomcat initialized with port(s): 8060 (http)
2021-04-02 10:34:38.694  INFO 72000 --- [main] o.apache.catalina.core.StandardService   : Starting service [Tomcat]
2021-04-02 10:34:38.694  INFO 72000 --- [main] org.apache.catalina.core.StandardEngine  : Starting Servlet engine: [Apache Tomcat/9.0.43]
2021-04-02 10:34:38.753  INFO 72000 --- [main] o.a.c.c.C.[Tomcat].[localhost].[/]       : Initializing Spring embedded WebApplicationContext
2021-04-02 10:34:38.753  INFO 72000 --- [main] w.s.c.ServletWebServerApplicationContext : Root WebApplicationContext: initialization completed in 812 ms
2021-04-02 10:34:38.954  INFO 72000 --- [main] o.s.s.concurrent.ThreadPoolTaskExecutor  : Initializing ExecutorService 'applicationTaskExecutor'
2021-04-02 10:34:39.113  INFO 72000 --- [main] o.s.b.w.embedded.tomcat.TomcatWebServer  : Tomcat started on port(s): 8060 (http) with context path ''
2021-04-02 10:34:39.125  INFO 72000 --- [main] .o.e.a.ConnectorEwalletVietinApplication : Started ConnectorEwalletVietinApplication in 1.671 seconds (JVM running for 2.525)
2021-04-02 10:34:43.378  INFO 72000 --- [http-nio-8060-exec-1] o.a.c.c.C.[Tomcat].[localhost].[/]       : Initializing Spring DispatcherServlet 'dispatcherServlet'
2021-04-02 10:34:43.378  INFO 72000 --- [http-nio-8060-exec-1] o.s.web.servlet.DispatcherServlet        : Initializing Servlet 'dispatcherServlet'
2021-04-02 10:34:43.379  INFO 72000 --- [http-nio-8060-exec-1] o.s.web.servlet.DispatcherServlet        : Completed initialization in 1 ms
2021-04-02 10:34:43.510  INFO 72000 --- [http-nio-8060-exec-1] c.o.e.controller.VietinController        : == RequestID 12345 - Send TokenIssue Request to VIETIN
2021-04-02 10:34:43.511  INFO 72000 --- [http-nio-8060-exec-1] c.onefin.ewalletvtb.common.VietinUtils   : == Before Sign Data :: 1234512345123451234512345123451241444123451.0
2021-04-02 10:34:43.516  INFO 72000 --- [http-nio-8060-exec-1] c.onefin.ewalletvtb.common.VietinUtils   : == After Sign Data :: null
2021-04-02 10:34:43.516  INFO 72000 --- [http-nio-8060-exec-1] c.o.e.controller.VietinController        : == RequestID 12345 - TokenIssue Request : {custIDNo=, transTime=12345, cardHolderName=12345, signature=null, cardIssueDate=12345, channel=12345, language=, version=1.0, mac=, merchantId=1444, requestId=12345, providerId=124, clientIP=, providerCustId=12345, cardNumber=12345, custPhoneNo=}
2021-04-02 10:34:43.516  INFO 72000 --- [http-nio-8060-exec-1] c.o.e.controller.VietinController        : == URL :: https://api-uat.vietinbank.vn/vtb-api-uat/development/v1/ewallet/tokenIssue
2021-04-02 10:34:44.170 ERROR 72000 --- [http-nio-8060-exec-1] c.o.e.controller.VietinController        : == Error response from Vietin!!!https://api-uat.vietinbank.vn/vtb-api-uat/development/v1/ewallet/tokenIssue
2021-04-02 10:34:44.170 ERROR 72000 --- [http-nio-8060-exec-1] c.onefin.ewalletvtb.common.VietinUtils   : == Failure response from VIETIN!
2021-04-02 10:42:02.813  INFO 72000 --- [RMI TCP Connection(17)-127.0.0.1] inMXBeanRegistrar$SpringApplicationAdmin : Application shutdown requested.
2021-04-02 10:42:03.046  INFO 72000 --- [RMI TCP Connection(17)-127.0.0.1] o.s.s.concurrent.ThreadPoolTaskExecutor  : Shutting down ExecutorService 'applicationTaskExecutor'
2021-04-02 10:42:08.946  INFO 22664 --- [main] .o.e.a.ConnectorEwalletVietinApplication : Starting ConnectorEwalletVietinApplication using Java 1.8.0_281 on DESKTOP-KIDEAN2 with PID 22664 (E:\OneFin\source_code\conn-ewallet-vietinbank\target\classes started by Thai Ta in E:\OneFin\source_code\conn-ewallet-vietinbank)
2021-04-02 10:42:08.950  INFO 22664 --- [main] .o.e.a.ConnectorEwalletVietinApplication : No active profile set, falling back to default profiles: default
2021-04-02 10:42:09.712  INFO 22664 --- [main] o.s.b.w.embedded.tomcat.TomcatWebServer  : Tomcat initialized with port(s): 8060 (http)
2021-04-02 10:42:09.721  INFO 22664 --- [main] o.apache.catalina.core.StandardService   : Starting service [Tomcat]
2021-04-02 10:42:09.721  INFO 22664 --- [main] org.apache.catalina.core.StandardEngine  : Starting Servlet engine: [Apache Tomcat/9.0.43]
2021-04-02 10:42:09.778  INFO 22664 --- [main] o.a.c.c.C.[Tomcat].[localhost].[/]       : Initializing Spring embedded WebApplicationContext
2021-04-02 10:42:09.778  INFO 22664 --- [main] w.s.c.ServletWebServerApplicationContext : Root WebApplicationContext: initialization completed in 784 ms
2021-04-02 10:42:09.968  INFO 22664 --- [main] o.s.s.concurrent.ThreadPoolTaskExecutor  : Initializing ExecutorService 'applicationTaskExecutor'
2021-04-02 10:42:10.122  INFO 22664 --- [main] o.s.b.w.embedded.tomcat.TomcatWebServer  : Tomcat started on port(s): 8060 (http) with context path ''
2021-04-02 10:42:10.132  INFO 22664 --- [main] .o.e.a.ConnectorEwalletVietinApplication : Started ConnectorEwalletVietinApplication in 1.577 seconds (JVM running for 2.329)
2021-04-02 10:42:17.733  INFO 22664 --- [http-nio-8060-exec-2] o.a.c.c.C.[Tomcat].[localhost].[/]       : Initializing Spring DispatcherServlet 'dispatcherServlet'
2021-04-02 10:42:17.733  INFO 22664 --- [http-nio-8060-exec-2] o.s.web.servlet.DispatcherServlet        : Initializing Servlet 'dispatcherServlet'
2021-04-02 10:42:17.733  INFO 22664 --- [http-nio-8060-exec-2] o.s.web.servlet.DispatcherServlet        : Completed initialization in 0 ms
2021-04-02 10:42:17.860  INFO 22664 --- [http-nio-8060-exec-2] c.o.e.controller.VietinController        : == RequestID 12345 - Send TokenIssue Request to VIETIN
2021-04-02 10:42:17.862  INFO 22664 --- [http-nio-8060-exec-2] c.onefin.ewalletvtb.common.VietinUtils   : == Before Sign Data :: 1234512345123451234512345123451241444123451.0
2021-04-02 10:42:17.868  INFO 22664 --- [http-nio-8060-exec-2] c.onefin.ewalletvtb.common.VietinUtils   : == After Sign Data :: null
2021-04-02 10:42:17.868  INFO 22664 --- [http-nio-8060-exec-2] c.o.e.controller.VietinController        : == RequestID 12345 - TokenIssue Request : {custIDNo=, transTime=12345, cardHolderName=12345, signature=null, cardIssueDate=12345, channel=12345, language=, version=1.0, mac=, merchantId=1444, requestId=12345, providerId=124, clientIP=, providerCustId=12345, cardNumber=12345, custPhoneNo=}
2021-04-02 10:42:17.868  INFO 22664 --- [http-nio-8060-exec-2] c.o.e.controller.VietinController        : == URL :: https://api-uat.vietinbank.vn/vtb-api-uat/development/v1/ewallet/tokenIssue
2021-04-02 10:42:18.530 ERROR 22664 --- [http-nio-8060-exec-2] c.o.e.controller.VietinController        : == Error response from Vietin!!!https://api-uat.vietinbank.vn/vtb-api-uat/development/v1/ewallet/tokenIssue
2021-04-02 10:42:18.530 ERROR 22664 --- [http-nio-8060-exec-2] c.onefin.ewalletvtb.common.VietinUtils   : == Failure response from VIETIN!
2021-04-02 10:42:32.613  INFO 22664 --- [http-nio-8060-exec-3] c.o.e.controller.VietinController        : == RequestID 12345 - Send TokenIssue Request to VIETIN
2021-04-02 10:42:32.613  INFO 22664 --- [http-nio-8060-exec-3] c.onefin.ewalletvtb.common.VietinUtils   : == Before Sign Data :: 1234512345123451234512345123451241444123451.0
2021-04-02 10:42:32.616  INFO 22664 --- [http-nio-8060-exec-3] c.onefin.ewalletvtb.common.VietinUtils   : == After Sign Data :: null
2021-04-02 10:42:32.616  INFO 22664 --- [http-nio-8060-exec-3] c.o.e.controller.VietinController        : == RequestID 12345 - TokenIssue Request : {custIDNo=, transTime=12345, cardHolderName=12345, signature=null, cardIssueDate=12345, channel=12345, language=, version=1.0, mac=, merchantId=1444, requestId=12345, providerId=124, clientIP=, providerCustId=12345, cardNumber=12345, custPhoneNo=}
2021-04-02 10:42:32.616  INFO 22664 --- [http-nio-8060-exec-3] c.o.e.controller.VietinController        : == URL :: https://api-uat.vietinbank.vn/vtb-api-uat/development/v1/ewallet/tokenIssue
2021-04-02 10:42:32.771 ERROR 22664 --- [http-nio-8060-exec-3] c.o.e.controller.VietinController        : == Error response from Vietin!!!https://api-uat.vietinbank.vn/vtb-api-uat/development/v1/ewallet/tokenIssue
2021-04-02 10:42:32.771 ERROR 22664 --- [http-nio-8060-exec-3] c.onefin.ewalletvtb.common.VietinUtils   : == Failure response from VIETIN!
2021-04-02 10:44:16.793  INFO 22664 --- [RMI TCP Connection(10)-127.0.0.1] inMXBeanRegistrar$SpringApplicationAdmin : Application shutdown requested.
2021-04-02 10:44:16.983  INFO 22664 --- [RMI TCP Connection(10)-127.0.0.1] o.s.s.concurrent.ThreadPoolTaskExecutor  : Shutting down ExecutorService 'applicationTaskExecutor'
2021-04-02 10:44:23.069  INFO 63680 --- [main] .o.e.a.ConnectorEwalletVietinApplication : Starting ConnectorEwalletVietinApplication using Java 1.8.0_281 on DESKTOP-KIDEAN2 with PID 63680 (E:\OneFin\source_code\conn-ewallet-vietinbank\target\classes started by Thai Ta in E:\OneFin\source_code\conn-ewallet-vietinbank)
2021-04-02 10:44:23.073  INFO 63680 --- [main] .o.e.a.ConnectorEwalletVietinApplication : No active profile set, falling back to default profiles: default
2021-04-02 10:44:23.847  INFO 63680 --- [main] o.s.b.w.embedded.tomcat.TomcatWebServer  : Tomcat initialized with port(s): 8060 (http)
2021-04-02 10:44:23.855  INFO 63680 --- [main] o.apache.catalina.core.StandardService   : Starting service [Tomcat]
2021-04-02 10:44:23.856  INFO 63680 --- [main] org.apache.catalina.core.StandardEngine  : Starting Servlet engine: [Apache Tomcat/9.0.43]
2021-04-02 10:44:23.915  INFO 63680 --- [main] o.a.c.c.C.[Tomcat].[localhost].[/]       : Initializing Spring embedded WebApplicationContext
2021-04-02 10:44:23.915  INFO 63680 --- [main] w.s.c.ServletWebServerApplicationContext : Root WebApplicationContext: initialization completed in 798 ms
2021-04-02 10:44:24.105  INFO 63680 --- [main] o.s.s.concurrent.ThreadPoolTaskExecutor  : Initializing ExecutorService 'applicationTaskExecutor'
2021-04-02 10:44:24.263  INFO 63680 --- [main] o.s.b.w.embedded.tomcat.TomcatWebServer  : Tomcat started on port(s): 8060 (http) with context path ''
2021-04-02 10:44:24.275  INFO 63680 --- [main] .o.e.a.ConnectorEwalletVietinApplication : Started ConnectorEwalletVietinApplication in 1.624 seconds (JVM running for 2.47)
2021-04-02 10:44:28.924  INFO 63680 --- [http-nio-8060-exec-1] o.a.c.c.C.[Tomcat].[localhost].[/]       : Initializing Spring DispatcherServlet 'dispatcherServlet'
2021-04-02 10:44:28.925  INFO 63680 --- [http-nio-8060-exec-1] o.s.web.servlet.DispatcherServlet        : Initializing Servlet 'dispatcherServlet'
2021-04-02 10:44:28.926  INFO 63680 --- [http-nio-8060-exec-1] o.s.web.servlet.DispatcherServlet        : Completed initialization in 1 ms
2021-04-02 10:44:29.099  INFO 63680 --- [http-nio-8060-exec-1] c.o.e.controller.VietinController        : == RequestID 12345 - Send TokenIssue Request to VIETIN
2021-04-02 10:44:29.101  INFO 63680 --- [http-nio-8060-exec-1] c.onefin.ewalletvtb.common.VietinUtils   : == Before Sign Data :: 1234512345123451234512345123451241444123451.0
2021-04-02 10:44:29.105  INFO 63680 --- [http-nio-8060-exec-1] c.onefin.ewalletvtb.common.VietinUtils   : == After Sign Data :: null
2021-04-02 10:44:29.105  INFO 63680 --- [http-nio-8060-exec-1] c.o.e.controller.VietinController        : == RequestID 12345 - TokenIssue Request : {custIDNo=, transTime=12345, cardHolderName=12345, signature=null, cardIssueDate=12345, channel=12345, language=, version=1.0, mac=, merchantId=1444, requestId=12345, providerId=124, clientIP=, providerCustId=12345, cardNumber=12345, custPhoneNo=}
2021-04-02 10:44:29.105  INFO 63680 --- [http-nio-8060-exec-1] c.o.e.controller.VietinController        : == URL :: https://api-uat.vietinbank.vn/vtb-api-uat/development/v1/ewallet/tokenIssue
2021-04-02 10:44:29.688 ERROR 63680 --- [http-nio-8060-exec-1] c.o.e.controller.VietinController        : == Error response from Vietin!!!https://api-uat.vietinbank.vn/vtb-api-uat/development/v1/ewallet/tokenIssue
2021-04-02 10:44:29.688 ERROR 63680 --- [http-nio-8060-exec-1] c.onefin.ewalletvtb.common.VietinUtils   : == Failure response from VIETIN!
2021-04-02 10:44:31.134  INFO 63680 --- [http-nio-8060-exec-3] c.o.e.controller.VietinController        : == RequestID 12345 - Send TokenIssue Request to VIETIN
2021-04-02 10:44:31.135  INFO 63680 --- [http-nio-8060-exec-3] c.onefin.ewalletvtb.common.VietinUtils   : == Before Sign Data :: 1234512345123451234512345123451241444123451.0
2021-04-02 10:44:31.137  INFO 63680 --- [http-nio-8060-exec-3] c.onefin.ewalletvtb.common.VietinUtils   : == After Sign Data :: null
2021-04-02 10:44:31.137  INFO 63680 --- [http-nio-8060-exec-3] c.o.e.controller.VietinController        : == RequestID 12345 - TokenIssue Request : {custIDNo=, transTime=12345, cardHolderName=12345, signature=null, cardIssueDate=12345, channel=12345, language=, version=1.0, mac=, merchantId=1444, requestId=12345, providerId=124, clientIP=, providerCustId=12345, cardNumber=12345, custPhoneNo=}
2021-04-02 10:44:31.137  INFO 63680 --- [http-nio-8060-exec-3] c.o.e.controller.VietinController        : == URL :: https://api-uat.vietinbank.vn/vtb-api-uat/development/v1/ewallet/tokenIssue
2021-04-02 10:44:31.314 ERROR 63680 --- [http-nio-8060-exec-3] c.o.e.controller.VietinController        : == Error response from Vietin!!!https://api-uat.vietinbank.vn/vtb-api-uat/development/v1/ewallet/tokenIssue
2021-04-02 10:44:31.314 ERROR 63680 --- [http-nio-8060-exec-3] c.onefin.ewalletvtb.common.VietinUtils   : == Failure response from VIETIN!
2021-04-02 10:45:29.696  INFO 63680 --- [RMI TCP Connection(9)-127.0.0.1] inMXBeanRegistrar$SpringApplicationAdmin : Application shutdown requested.
2021-04-02 10:45:29.876  INFO 63680 --- [RMI TCP Connection(9)-127.0.0.1] o.s.s.concurrent.ThreadPoolTaskExecutor  : Shutting down ExecutorService 'applicationTaskExecutor'
2021-04-02 10:45:37.784  INFO 74472 --- [main] .o.e.a.ConnectorEwalletVietinApplication : Starting ConnectorEwalletVietinApplication using Java 1.8.0_281 on DESKTOP-KIDEAN2 with PID 74472 (E:\OneFin\source_code\conn-ewallet-vietinbank\target\classes started by Thai Ta in E:\OneFin\source_code\conn-ewallet-vietinbank)
2021-04-02 10:45:37.788  INFO 74472 --- [main] .o.e.a.ConnectorEwalletVietinApplication : No active profile set, falling back to default profiles: default
2021-04-02 10:45:38.574  INFO 74472 --- [main] o.s.b.w.embedded.tomcat.TomcatWebServer  : Tomcat initialized with port(s): 8060 (http)
2021-04-02 10:45:38.584  INFO 74472 --- [main] o.apache.catalina.core.StandardService   : Starting service [Tomcat]
2021-04-02 10:45:38.584  INFO 74472 --- [main] org.apache.catalina.core.StandardEngine  : Starting Servlet engine: [Apache Tomcat/9.0.43]
2021-04-02 10:45:38.652  INFO 74472 --- [main] o.a.c.c.C.[Tomcat].[localhost].[/]       : Initializing Spring embedded WebApplicationContext
2021-04-02 10:45:38.653  INFO 74472 --- [main] w.s.c.ServletWebServerApplicationContext : Root WebApplicationContext: initialization completed in 819 ms
2021-04-02 10:45:38.848  INFO 74472 --- [main] o.s.s.concurrent.ThreadPoolTaskExecutor  : Initializing ExecutorService 'applicationTaskExecutor'
2021-04-02 10:45:39.003  INFO 74472 --- [main] o.s.b.w.embedded.tomcat.TomcatWebServer  : Tomcat started on port(s): 8060 (http) with context path ''
2021-04-02 10:45:39.015  INFO 74472 --- [main] .o.e.a.ConnectorEwalletVietinApplication : Started ConnectorEwalletVietinApplication in 1.617 seconds (JVM running for 2.466)
2021-04-02 10:45:50.841  INFO 74472 --- [http-nio-8060-exec-1] o.a.c.c.C.[Tomcat].[localhost].[/]       : Initializing Spring DispatcherServlet 'dispatcherServlet'
2021-04-02 10:45:50.841  INFO 74472 --- [http-nio-8060-exec-1] o.s.web.servlet.DispatcherServlet        : Initializing Servlet 'dispatcherServlet'
2021-04-02 10:45:50.842  INFO 74472 --- [http-nio-8060-exec-1] o.s.web.servlet.DispatcherServlet        : Completed initialization in 1 ms
2021-04-02 10:45:50.973  INFO 74472 --- [http-nio-8060-exec-1] c.o.e.controller.VietinController        : == RequestID 12345 - Send TokenIssue Request to VIETIN
2021-04-02 10:45:56.005 ERROR 74472 --- [http-nio-8060-exec-1] o.a.c.c.C.[.[.[/].[dispatcherServlet]    : Servlet.service() for servlet [dispatcherServlet] in context with path [] threw exception [Handler dispatch failed; nested exception is java.lang.Error: Unresolved compilation problems: 
	Unhandled exception type NoSuchAlgorithmException
	Unhandled exception type InvalidKeySpecException
	Unhandled exception type IOException
] with root cause

java.lang.Error: Unresolved compilation problems: 
	Unhandled exception type NoSuchAlgorithmException
	Unhandled exception type InvalidKeySpecException
	Unhandled exception type IOException

	at com.onefin.ewalletvtb.common.VietinUtils.buildVietinTokenIssuer(VietinUtils.java:84) ~[classes/:na]
	at com.onefin.ewalletvtb.controller.VietinController.getTokenIssue(VietinController.java:61) ~[classes/:na]
	at sun.reflect.NativeMethodAccessorImpl.invoke0(Native Method) ~[na:1.8.0_281]
	at sun.reflect.NativeMethodAccessorImpl.invoke(NativeMethodAccessorImpl.java:62) ~[na:1.8.0_281]
	at sun.reflect.DelegatingMethodAccessorImpl.invoke(DelegatingMethodAccessorImpl.java:43) ~[na:1.8.0_281]
	at java.lang.reflect.Method.invoke(Method.java:498) ~[na:1.8.0_281]
	at org.springframework.web.method.support.InvocableHandlerMethod.doInvoke(InvocableHandlerMethod.java:197) ~[spring-web-5.3.4.jar:5.3.4]
	at org.springframework.web.method.support.InvocableHandlerMethod.invokeForRequest(InvocableHandlerMethod.java:141) ~[spring-web-5.3.4.jar:5.3.4]
	at org.springframework.web.servlet.mvc.method.annotation.ServletInvocableHandlerMethod.invokeAndHandle(ServletInvocableHandlerMethod.java:106) ~[spring-webmvc-5.3.4.jar:5.3.4]
	at org.springframework.web.servlet.mvc.method.annotation.RequestMappingHandlerAdapter.invokeHandlerMethod(RequestMappingHandlerAdapter.java:894) ~[spring-webmvc-5.3.4.jar:5.3.4]
	at org.springframework.web.servlet.mvc.method.annotation.RequestMappingHandlerAdapter.handleInternal(RequestMappingHandlerAdapter.java:808) ~[spring-webmvc-5.3.4.jar:5.3.4]
	at org.springframework.web.servlet.mvc.method.AbstractHandlerMethodAdapter.handle(AbstractHandlerMethodAdapter.java:87) ~[spring-webmvc-5.3.4.jar:5.3.4]
	at org.springframework.web.servlet.DispatcherServlet.doDispatch(DispatcherServlet.java:1060) ~[spring-webmvc-5.3.4.jar:5.3.4]
	at org.springframework.web.servlet.DispatcherServlet.doService(DispatcherServlet.java:962) ~[spring-webmvc-5.3.4.jar:5.3.4]
	at org.springframework.web.servlet.FrameworkServlet.processRequest(FrameworkServlet.java:1006) ~[spring-webmvc-5.3.4.jar:5.3.4]
	at org.springframework.web.servlet.FrameworkServlet.doPost(FrameworkServlet.java:909) ~[spring-webmvc-5.3.4.jar:5.3.4]
	at javax.servlet.http.HttpServlet.service(HttpServlet.java:652) ~[tomcat-embed-core-9.0.43.jar:4.0.FR]
	at org.springframework.web.servlet.FrameworkServlet.service(FrameworkServlet.java:883) ~[spring-webmvc-5.3.4.jar:5.3.4]
	at javax.servlet.http.HttpServlet.service(HttpServlet.java:733) ~[tomcat-embed-core-9.0.43.jar:4.0.FR]
	at org.apache.catalina.core.ApplicationFilterChain.internalDoFilter(ApplicationFilterChain.java:227) ~[tomcat-embed-core-9.0.43.jar:9.0.43]
	at org.apache.catalina.core.ApplicationFilterChain.doFilter(ApplicationFilterChain.java:162) ~[tomcat-embed-core-9.0.43.jar:9.0.43]
	at org.apache.tomcat.websocket.server.WsFilter.doFilter(WsFilter.java:53) ~[tomcat-embed-websocket-9.0.43.jar:9.0.43]
	at org.apache.catalina.core.ApplicationFilterChain.internalDoFilter(ApplicationFilterChain.java:189) ~[tomcat-embed-core-9.0.43.jar:9.0.43]
	at org.apache.catalina.core.ApplicationFilterChain.doFilter(ApplicationFilterChain.java:162) ~[tomcat-embed-core-9.0.43.jar:9.0.43]
	at org.springframework.web.filter.RequestContextFilter.doFilterInternal(RequestContextFilter.java:100) ~[spring-web-5.3.4.jar:5.3.4]
	at org.springframework.web.filter.OncePerRequestFilter.doFilter(OncePerRequestFilter.java:119) ~[spring-web-5.3.4.jar:5.3.4]
	at org.apache.catalina.core.ApplicationFilterChain.internalDoFilter(ApplicationFilterChain.java:189) ~[tomcat-embed-core-9.0.43.jar:9.0.43]
	at org.apache.catalina.core.ApplicationFilterChain.doFilter(ApplicationFilterChain.java:162) ~[tomcat-embed-core-9.0.43.jar:9.0.43]
	at org.springframework.web.filter.FormContentFilter.doFilterInternal(FormContentFilter.java:93) ~[spring-web-5.3.4.jar:5.3.4]
	at org.springframework.web.filter.OncePerRequestFilter.doFilter(OncePerRequestFilter.java:119) ~[spring-web-5.3.4.jar:5.3.4]
	at org.apache.catalina.core.ApplicationFilterChain.internalDoFilter(ApplicationFilterChain.java:189) ~[tomcat-embed-core-9.0.43.jar:9.0.43]
	at org.apache.catalina.core.ApplicationFilterChain.doFilter(ApplicationFilterChain.java:162) ~[tomcat-embed-core-9.0.43.jar:9.0.43]
	at org.springframework.web.filter.CharacterEncodingFilter.doFilterInternal(CharacterEncodingFilter.java:201) ~[spring-web-5.3.4.jar:5.3.4]
	at org.springframework.web.filter.OncePerRequestFilter.doFilter(OncePerRequestFilter.java:119) ~[spring-web-5.3.4.jar:5.3.4]
	at org.apache.catalina.core.ApplicationFilterChain.internalDoFilter(ApplicationFilterChain.java:189) ~[tomcat-embed-core-9.0.43.jar:9.0.43]
	at org.apache.catalina.core.ApplicationFilterChain.doFilter(ApplicationFilterChain.java:162) ~[tomcat-embed-core-9.0.43.jar:9.0.43]
	at org.apache.catalina.core.StandardWrapperValve.invoke(StandardWrapperValve.java:202) ~[tomcat-embed-core-9.0.43.jar:9.0.43]
	at org.apache.catalina.core.StandardContextValve.invoke(StandardContextValve.java:97) [tomcat-embed-core-9.0.43.jar:9.0.43]
	at org.apache.catalina.authenticator.AuthenticatorBase.invoke(AuthenticatorBase.java:542) [tomcat-embed-core-9.0.43.jar:9.0.43]
	at org.apache.catalina.core.StandardHostValve.invoke(StandardHostValve.java:143) [tomcat-embed-core-9.0.43.jar:9.0.43]
	at org.apache.catalina.valves.ErrorReportValve.invoke(ErrorReportValve.java:92) [tomcat-embed-core-9.0.43.jar:9.0.43]
	at org.apache.catalina.core.StandardEngineValve.invoke(StandardEngineValve.java:78) [tomcat-embed-core-9.0.43.jar:9.0.43]
	at org.apache.catalina.connector.CoyoteAdapter.service(CoyoteAdapter.java:346) [tomcat-embed-core-9.0.43.jar:9.0.43]
	at org.apache.coyote.http11.Http11Processor.service(Http11Processor.java:374) [tomcat-embed-core-9.0.43.jar:9.0.43]
	at org.apache.coyote.AbstractProcessorLight.process(AbstractProcessorLight.java:65) [tomcat-embed-core-9.0.43.jar:9.0.43]
	at org.apache.coyote.AbstractProtocol$ConnectionHandler.process(AbstractProtocol.java:887) [tomcat-embed-core-9.0.43.jar:9.0.43]
	at org.apache.tomcat.util.net.NioEndpoint$SocketProcessor.doRun(NioEndpoint.java:1684) [tomcat-embed-core-9.0.43.jar:9.0.43]
	at org.apache.tomcat.util.net.SocketProcessorBase.run(SocketProcessorBase.java:49) [tomcat-embed-core-9.0.43.jar:9.0.43]
	at java.util.concurrent.ThreadPoolExecutor.runWorker(ThreadPoolExecutor.java:1149) [na:1.8.0_281]
	at java.util.concurrent.ThreadPoolExecutor$Worker.run(ThreadPoolExecutor.java:624) [na:1.8.0_281]
	at org.apache.tomcat.util.threads.TaskThread$WrappingRunnable.run(TaskThread.java:61) [tomcat-embed-core-9.0.43.jar:9.0.43]
	at java.lang.Thread.run(Thread.java:748) [na:1.8.0_281]

2021-04-02 10:53:21.483  INFO 74472 --- [RMI TCP Connection(17)-127.0.0.1] inMXBeanRegistrar$SpringApplicationAdmin : Application shutdown requested.
2021-04-02 10:53:21.662  INFO 74472 --- [RMI TCP Connection(17)-127.0.0.1] o.s.s.concurrent.ThreadPoolTaskExecutor  : Shutting down ExecutorService 'applicationTaskExecutor'
2021-04-02 10:53:27.630  INFO 58024 --- [main] .o.e.a.ConnectorEwalletVietinApplication : Starting ConnectorEwalletVietinApplication using Java 1.8.0_281 on DESKTOP-KIDEAN2 with PID 58024 (E:\OneFin\source_code\conn-ewallet-vietinbank\target\classes started by Thai Ta in E:\OneFin\source_code\conn-ewallet-vietinbank)
2021-04-02 10:53:27.636  INFO 58024 --- [main] .o.e.a.ConnectorEwalletVietinApplication : No active profile set, falling back to default profiles: default
2021-04-02 10:53:28.567  INFO 58024 --- [main] o.s.b.w.embedded.tomcat.TomcatWebServer  : Tomcat initialized with port(s): 8060 (http)
2021-04-02 10:53:28.577  INFO 58024 --- [main] o.apache.catalina.core.StandardService   : Starting service [Tomcat]
2021-04-02 10:53:28.577  INFO 58024 --- [main] org.apache.catalina.core.StandardEngine  : Starting Servlet engine: [Apache Tomcat/9.0.43]
2021-04-02 10:53:28.640  INFO 58024 --- [main] o.a.c.c.C.[Tomcat].[localhost].[/]       : Initializing Spring embedded WebApplicationContext
2021-04-02 10:53:28.640  INFO 58024 --- [main] w.s.c.ServletWebServerApplicationContext : Root WebApplicationContext: initialization completed in 938 ms
2021-04-02 10:53:28.908  INFO 58024 --- [main] o.s.s.concurrent.ThreadPoolTaskExecutor  : Initializing ExecutorService 'applicationTaskExecutor'
2021-04-02 10:53:29.079  INFO 58024 --- [main] o.s.b.w.embedded.tomcat.TomcatWebServer  : Tomcat started on port(s): 8060 (http) with context path ''
2021-04-02 10:53:29.088  INFO 58024 --- [main] .o.e.a.ConnectorEwalletVietinApplication : Started ConnectorEwalletVietinApplication in 1.9 seconds (JVM running for 2.667)
2021-04-02 10:53:35.861  INFO 58024 --- [http-nio-8060-exec-1] o.a.c.c.C.[Tomcat].[localhost].[/]       : Initializing Spring DispatcherServlet 'dispatcherServlet'
2021-04-02 10:53:35.862  INFO 58024 --- [http-nio-8060-exec-1] o.s.web.servlet.DispatcherServlet        : Initializing Servlet 'dispatcherServlet'
2021-04-02 10:53:35.862  INFO 58024 --- [http-nio-8060-exec-1] o.s.web.servlet.DispatcherServlet        : Completed initialization in 0 ms
2021-04-02 10:53:35.988  INFO 58024 --- [http-nio-8060-exec-1] c.o.e.controller.VietinController        : == RequestID 12345 - Send TokenIssue Request to VIETIN
2021-04-02 10:53:35.990  INFO 58024 --- [http-nio-8060-exec-1] c.onefin.ewalletvtb.common.VietinUtils   : == Before Sign Data :: 1234512345123451234512345123451241444123451.0
2021-04-02 10:53:35.990 ERROR 58024 --- [http-nio-8060-exec-1] c.onefin.ewalletvtb.common.VietinUtils   : == RequestID {} - Fail to process Vietin sign: D:\Project\keys\onefin-privatekey-uat-vietin.der
2021-04-02 10:53:35.991  INFO 58024 --- [http-nio-8060-exec-1] c.onefin.ewalletvtb.common.VietinUtils   : == After Sign Data :: null
2021-04-02 10:53:35.991  INFO 58024 --- [http-nio-8060-exec-1] c.o.e.controller.VietinController        : == RequestID 12345 - TokenIssue Request : {custIDNo=, transTime=12345, cardHolderName=12345, signature=null, cardIssueDate=12345, channel=12345, language=, version=1.0, mac=, merchantId=1444, requestId=12345, providerId=124, clientIP=, providerCustId=12345, cardNumber=12345, custPhoneNo=}
2021-04-02 10:53:35.991  INFO 58024 --- [http-nio-8060-exec-1] c.o.e.controller.VietinController        : == URL :: https://api-uat.vietinbank.vn/vtb-api-uat/development/v1/ewallet/tokenIssue
2021-04-02 10:53:36.645 ERROR 58024 --- [http-nio-8060-exec-1] c.o.e.controller.VietinController        : == Error response from Vietin!!!https://api-uat.vietinbank.vn/vtb-api-uat/development/v1/ewallet/tokenIssue
2021-04-02 10:53:36.646 ERROR 58024 --- [http-nio-8060-exec-1] c.onefin.ewalletvtb.common.VietinUtils   : == Failure response from VIETIN!
2021-04-02 10:54:02.197  INFO 58024 --- [http-nio-8060-exec-3] c.o.e.controller.VietinController        : == RequestID 12345 - Send TokenIssue Request to VIETIN
2021-04-02 10:54:02.197  INFO 58024 --- [http-nio-8060-exec-3] c.onefin.ewalletvtb.common.VietinUtils   : == Before Sign Data :: 1234512345123451234512345123451241444123451.0
2021-04-02 10:57:09.823 ERROR 58024 --- [http-nio-8060-exec-3] c.onefin.ewalletvtb.common.VietinUtils   : == RequestID {} - Fail to process Vietin sign: D:\Project\keys\onefin-privatekey-uat-vietin.der
2021-04-02 10:57:09.823  INFO 58024 --- [http-nio-8060-exec-3] c.onefin.ewalletvtb.common.VietinUtils   : == After Sign Data :: null
2021-04-02 10:57:09.824  INFO 58024 --- [http-nio-8060-exec-3] c.o.e.controller.VietinController        : == RequestID 12345 - TokenIssue Request : {custIDNo=, transTime=12345, cardHolderName=12345, signature=null, cardIssueDate=12345, channel=12345, language=, version=1.0, mac=, merchantId=1444, requestId=12345, providerId=124, clientIP=, providerCustId=12345, cardNumber=12345, custPhoneNo=}
2021-04-02 10:57:09.824  INFO 58024 --- [http-nio-8060-exec-3] c.o.e.controller.VietinController        : == URL :: https://api-uat.vietinbank.vn/vtb-api-uat/development/v1/ewallet/tokenIssue
2021-04-02 10:57:10.003 ERROR 58024 --- [http-nio-8060-exec-3] c.o.e.controller.VietinController        : == Error response from Vietin!!!https://api-uat.vietinbank.vn/vtb-api-uat/development/v1/ewallet/tokenIssue
2021-04-02 10:57:10.004 ERROR 58024 --- [http-nio-8060-exec-3] c.onefin.ewalletvtb.common.VietinUtils   : == Failure response from VIETIN!
2021-04-02 10:58:02.075  INFO 58024 --- [RMI TCP Connection(14)-127.0.0.1] inMXBeanRegistrar$SpringApplicationAdmin : Application shutdown requested.
2021-04-02 10:58:02.272  INFO 58024 --- [RMI TCP Connection(14)-127.0.0.1] o.s.s.concurrent.ThreadPoolTaskExecutor  : Shutting down ExecutorService 'applicationTaskExecutor'
2021-04-02 10:58:08.191  INFO 75788 --- [main] .o.e.a.ConnectorEwalletVietinApplication : Starting ConnectorEwalletVietinApplication using Java 1.8.0_281 on DESKTOP-KIDEAN2 with PID 75788 (E:\OneFin\source_code\conn-ewallet-vietinbank\target\classes started by Thai Ta in E:\OneFin\source_code\conn-ewallet-vietinbank)
2021-04-02 10:58:08.194  INFO 75788 --- [main] .o.e.a.ConnectorEwalletVietinApplication : No active profile set, falling back to default profiles: default
2021-04-02 10:58:08.955  INFO 75788 --- [main] o.s.b.w.embedded.tomcat.TomcatWebServer  : Tomcat initialized with port(s): 8060 (http)
2021-04-02 10:58:08.963  INFO 75788 --- [main] o.apache.catalina.core.StandardService   : Starting service [Tomcat]
2021-04-02 10:58:08.963  INFO 75788 --- [main] org.apache.catalina.core.StandardEngine  : Starting Servlet engine: [Apache Tomcat/9.0.43]
2021-04-02 10:58:09.020  INFO 75788 --- [main] o.a.c.c.C.[Tomcat].[localhost].[/]       : Initializing Spring embedded WebApplicationContext
2021-04-02 10:58:09.021  INFO 75788 --- [main] w.s.c.ServletWebServerApplicationContext : Root WebApplicationContext: initialization completed in 782 ms
2021-04-02 10:58:09.217  INFO 75788 --- [main] o.s.s.concurrent.ThreadPoolTaskExecutor  : Initializing ExecutorService 'applicationTaskExecutor'
2021-04-02 10:58:09.371  INFO 75788 --- [main] o.s.b.w.embedded.tomcat.TomcatWebServer  : Tomcat started on port(s): 8060 (http) with context path ''
2021-04-02 10:58:09.382  INFO 75788 --- [main] .o.e.a.ConnectorEwalletVietinApplication : Started ConnectorEwalletVietinApplication in 1.579 seconds (JVM running for 2.339)
2021-04-02 10:58:14.829  INFO 75788 --- [http-nio-8060-exec-2] o.a.c.c.C.[Tomcat].[localhost].[/]       : Initializing Spring DispatcherServlet 'dispatcherServlet'
2021-04-02 10:58:14.829  INFO 75788 --- [http-nio-8060-exec-2] o.s.web.servlet.DispatcherServlet        : Initializing Servlet 'dispatcherServlet'
2021-04-02 10:58:14.830  INFO 75788 --- [http-nio-8060-exec-2] o.s.web.servlet.DispatcherServlet        : Completed initialization in 1 ms
2021-04-02 10:58:14.993  INFO 75788 --- [http-nio-8060-exec-2] c.o.e.controller.VietinController        : == RequestID 12345 - Send TokenIssue Request to VIETIN
2021-04-02 10:58:14.995  INFO 75788 --- [http-nio-8060-exec-2] c.onefin.ewalletvtb.common.VietinUtils   : == Before Sign Data :: 1234512345123451234512345123451241444123451.0
2021-04-02 10:58:18.450 ERROR 75788 --- [http-nio-8060-exec-2] c.onefin.ewalletvtb.common.VietinUtils   : == Fail to process Vietin sign: java.nio.file.NoSuchFileException: D:\Project\keys\onefin-privatekey-uat-vietin.der
2021-04-02 10:58:18.451  INFO 75788 --- [http-nio-8060-exec-2] c.onefin.ewalletvtb.common.VietinUtils   : == After Sign Data :: null
2021-04-02 10:58:18.451  INFO 75788 --- [http-nio-8060-exec-2] c.o.e.controller.VietinController        : == RequestID 12345 - TokenIssue Request : {custIDNo=, transTime=12345, cardHolderName=12345, signature=null, cardIssueDate=12345, channel=12345, language=, version=1.0, mac=, merchantId=1444, requestId=12345, providerId=124, clientIP=, providerCustId=12345, cardNumber=12345, custPhoneNo=}
2021-04-02 10:58:18.451  INFO 75788 --- [http-nio-8060-exec-2] c.o.e.controller.VietinController        : == URL :: https://api-uat.vietinbank.vn/vtb-api-uat/development/v1/ewallet/tokenIssue
2021-04-02 10:58:19.024 ERROR 75788 --- [http-nio-8060-exec-2] c.o.e.controller.VietinController        : == Error response from Vietin!!!https://api-uat.vietinbank.vn/vtb-api-uat/development/v1/ewallet/tokenIssue
2021-04-02 10:58:19.024 ERROR 75788 --- [http-nio-8060-exec-2] c.onefin.ewalletvtb.common.VietinUtils   : == Failure response from VIETIN!
2021-04-02 11:01:15.328  INFO 75788 --- [RMI TCP Connection(12)-127.0.0.1] inMXBeanRegistrar$SpringApplicationAdmin : Application shutdown requested.
2021-04-02 11:01:15.507  INFO 75788 --- [RMI TCP Connection(12)-127.0.0.1] o.s.s.concurrent.ThreadPoolTaskExecutor  : Shutting down ExecutorService 'applicationTaskExecutor'
2021-04-02 11:01:21.418  INFO 66040 --- [main] .o.e.a.ConnectorEwalletVietinApplication : Starting ConnectorEwalletVietinApplication using Java 1.8.0_281 on DESKTOP-KIDEAN2 with PID 66040 (E:\OneFin\source_code\conn-ewallet-vietinbank\target\classes started by Thai Ta in E:\OneFin\source_code\conn-ewallet-vietinbank)
2021-04-02 11:01:21.421  INFO 66040 --- [main] .o.e.a.ConnectorEwalletVietinApplication : No active profile set, falling back to default profiles: default
2021-04-02 11:01:22.187  INFO 66040 --- [main] o.s.b.w.embedded.tomcat.TomcatWebServer  : Tomcat initialized with port(s): 8060 (http)
2021-04-02 11:01:22.198  INFO 66040 --- [main] o.apache.catalina.core.StandardService   : Starting service [Tomcat]
2021-04-02 11:01:22.199  INFO 66040 --- [main] org.apache.catalina.core.StandardEngine  : Starting Servlet engine: [Apache Tomcat/9.0.43]
2021-04-02 11:01:22.262  INFO 66040 --- [main] o.a.c.c.C.[Tomcat].[localhost].[/]       : Initializing Spring embedded WebApplicationContext
2021-04-02 11:01:22.262  INFO 66040 --- [main] w.s.c.ServletWebServerApplicationContext : Root WebApplicationContext: initialization completed in 795 ms
2021-04-02 11:01:22.479  INFO 66040 --- [main] o.s.s.concurrent.ThreadPoolTaskExecutor  : Initializing ExecutorService 'applicationTaskExecutor'
2021-04-02 11:01:22.652  INFO 66040 --- [main] o.s.b.w.embedded.tomcat.TomcatWebServer  : Tomcat started on port(s): 8060 (http) with context path ''
2021-04-02 11:01:22.659  INFO 66040 --- [main] .o.e.a.ConnectorEwalletVietinApplication : Started ConnectorEwalletVietinApplication in 1.634 seconds (JVM running for 2.377)
2021-04-02 11:01:28.548  INFO 66040 --- [http-nio-8060-exec-2] o.a.c.c.C.[Tomcat].[localhost].[/]       : Initializing Spring DispatcherServlet 'dispatcherServlet'
2021-04-02 11:01:28.549  INFO 66040 --- [http-nio-8060-exec-2] o.s.web.servlet.DispatcherServlet        : Initializing Servlet 'dispatcherServlet'
2021-04-02 11:01:28.549  INFO 66040 --- [http-nio-8060-exec-2] o.s.web.servlet.DispatcherServlet        : Completed initialization in 0 ms
2021-04-02 11:01:28.690  INFO 66040 --- [http-nio-8060-exec-2] c.o.e.controller.VietinController        : == RequestID 12345 - Send TokenIssue Request to VIETIN
2021-04-02 11:01:28.691  INFO 66040 --- [http-nio-8060-exec-2] c.onefin.ewalletvtb.common.VietinUtils   : == Before Sign Data :: 1234512345123451234512345123451241444123451.0
2021-04-02 11:01:31.352 ERROR 66040 --- [http-nio-8060-exec-2] c.onefin.ewalletvtb.common.VietinUtils   : == Fail to process Vietin sign: java.nio.file.NoSuchFileException: D:\Project\keys\onefin-privatekey-uat-vietin.der
2021-04-02 11:01:31.352  INFO 66040 --- [http-nio-8060-exec-2] c.onefin.ewalletvtb.common.VietinUtils   : == After Sign Data :: null
2021-04-02 11:01:31.352  INFO 66040 --- [http-nio-8060-exec-2] c.o.e.controller.VietinController        : == RequestID 12345 - TokenIssue Request : {custIDNo=, transTime=12345, cardHolderName=12345, signature=null, cardIssueDate=12345, channel=12345, language=, version=1.0, mac=, merchantId=1444, requestId=12345, providerId=124, clientIP=, providerCustId=12345, cardNumber=12345, custPhoneNo=}
2021-04-02 11:01:31.352  INFO 66040 --- [http-nio-8060-exec-2] c.o.e.controller.VietinController        : == URL :: https://api-uat.vietinbank.vn/vtb-api-uat/development/v1/ewallet/tokenIssue
2021-04-02 11:01:32.032 ERROR 66040 --- [http-nio-8060-exec-2] c.o.e.controller.VietinController        : == Error response from Vietin!!!https://api-uat.vietinbank.vn/vtb-api-uat/development/v1/ewallet/tokenIssue
2021-04-02 11:01:32.032 ERROR 66040 --- [http-nio-8060-exec-2] c.onefin.ewalletvtb.common.VietinUtils   : == Failure response from VIETIN!
2021-04-02 11:02:12.240  INFO 66040 --- [RMI TCP Connection(9)-127.0.0.1] inMXBeanRegistrar$SpringApplicationAdmin : Application shutdown requested.
2021-04-02 11:02:12.417  INFO 66040 --- [RMI TCP Connection(9)-127.0.0.1] o.s.s.concurrent.ThreadPoolTaskExecutor  : Shutting down ExecutorService 'applicationTaskExecutor'
2021-04-02 11:02:18.443  INFO 76228 --- [main] .o.e.a.ConnectorEwalletVietinApplication : Starting ConnectorEwalletVietinApplication using Java 1.8.0_281 on DESKTOP-KIDEAN2 with PID 76228 (E:\OneFin\source_code\conn-ewallet-vietinbank\target\classes started by Thai Ta in E:\OneFin\source_code\conn-ewallet-vietinbank)
2021-04-02 11:02:18.446  INFO 76228 --- [main] .o.e.a.ConnectorEwalletVietinApplication : No active profile set, falling back to default profiles: default
2021-04-02 11:02:19.286  INFO 76228 --- [main] o.s.b.w.embedded.tomcat.TomcatWebServer  : Tomcat initialized with port(s): 8060 (http)
2021-04-02 11:02:19.295  INFO 76228 --- [main] o.apache.catalina.core.StandardService   : Starting service [Tomcat]
2021-04-02 11:02:19.295  INFO 76228 --- [main] org.apache.catalina.core.StandardEngine  : Starting Servlet engine: [Apache Tomcat/9.0.43]
2021-04-02 11:02:19.353  INFO 76228 --- [main] o.a.c.c.C.[Tomcat].[localhost].[/]       : Initializing Spring embedded WebApplicationContext
2021-04-02 11:02:19.353  INFO 76228 --- [main] w.s.c.ServletWebServerApplicationContext : Root WebApplicationContext: initialization completed in 852 ms
2021-04-02 11:02:19.574  INFO 76228 --- [main] o.s.s.concurrent.ThreadPoolTaskExecutor  : Initializing ExecutorService 'applicationTaskExecutor'
2021-04-02 11:02:19.722  INFO 76228 --- [main] o.s.b.w.embedded.tomcat.TomcatWebServer  : Tomcat started on port(s): 8060 (http) with context path ''
2021-04-02 11:02:19.730  INFO 76228 --- [main] .o.e.a.ConnectorEwalletVietinApplication : Started ConnectorEwalletVietinApplication in 1.721 seconds (JVM running for 2.545)
2021-04-02 11:02:25.789  INFO 76228 --- [http-nio-8060-exec-2] o.a.c.c.C.[Tomcat].[localhost].[/]       : Initializing Spring DispatcherServlet 'dispatcherServlet'
2021-04-02 11:02:25.790  INFO 76228 --- [http-nio-8060-exec-2] o.s.web.servlet.DispatcherServlet        : Initializing Servlet 'dispatcherServlet'
2021-04-02 11:02:25.791  INFO 76228 --- [http-nio-8060-exec-2] o.s.web.servlet.DispatcherServlet        : Completed initialization in 1 ms
2021-04-02 11:02:25.929  INFO 76228 --- [http-nio-8060-exec-2] c.o.e.controller.VietinController        : == RequestID 12345 - Send TokenIssue Request to VIETIN
2021-04-02 11:02:25.930  INFO 76228 --- [http-nio-8060-exec-2] c.onefin.ewalletvtb.common.VietinUtils   : == Before Sign Data :: 1234512345123451234512345123451241444123451.0
2021-04-02 11:02:31.416 ERROR 76228 --- [http-nio-8060-exec-2] c.onefin.ewalletvtb.common.VietinUtils   : == Fail to process Vietin sign: java.nio.file.NoSuchFileException: D:\Project\keys\onefin-privatekey-uat-vietin.der
2021-04-02 11:02:31.416  INFO 76228 --- [http-nio-8060-exec-2] c.onefin.ewalletvtb.common.VietinUtils   : == After Sign Data :: null
2021-04-02 11:02:31.416  INFO 76228 --- [http-nio-8060-exec-2] c.o.e.controller.VietinController        : == RequestID 12345 - TokenIssue Request : {custIDNo=, transTime=12345, cardHolderName=12345, signature=null, cardIssueDate=12345, channel=12345, language=, version=1.0, mac=, merchantId=1444, requestId=12345, providerId=124, clientIP=, providerCustId=12345, cardNumber=12345, custPhoneNo=}
2021-04-02 11:02:31.417  INFO 76228 --- [http-nio-8060-exec-2] c.o.e.controller.VietinController        : == URL :: https://api-uat.vietinbank.vn/vtb-api-uat/development/v1/ewallet/tokenIssue
2021-04-02 11:02:31.974 ERROR 76228 --- [http-nio-8060-exec-2] c.o.e.controller.VietinController        : == Error response from Vietin!!!https://api-uat.vietinbank.vn/vtb-api-uat/development/v1/ewallet/tokenIssue
2021-04-02 11:02:31.974 ERROR 76228 --- [http-nio-8060-exec-2] c.onefin.ewalletvtb.common.VietinUtils   : == Failure response from VIETIN!
2021-04-02 11:11:04.521  INFO 76228 --- [RMI TCP Connection(19)-127.0.0.1] inMXBeanRegistrar$SpringApplicationAdmin : Application shutdown requested.
2021-04-02 11:11:04.699  INFO 76228 --- [RMI TCP Connection(19)-127.0.0.1] o.s.s.concurrent.ThreadPoolTaskExecutor  : Shutting down ExecutorService 'applicationTaskExecutor'
2021-04-02 11:11:12.396  INFO 57404 --- [main] .o.e.a.ConnectorEwalletVietinApplication : Starting ConnectorEwalletVietinApplication using Java 1.8.0_281 on DESKTOP-KIDEAN2 with PID 57404 (E:\OneFin\source_code\conn-ewallet-vietinbank\target\classes started by Thai Ta in E:\OneFin\source_code\conn-ewallet-vietinbank)
2021-04-02 11:11:12.400  INFO 57404 --- [main] .o.e.a.ConnectorEwalletVietinApplication : No active profile set, falling back to default profiles: default
2021-04-02 11:11:13.165  INFO 57404 --- [main] o.s.b.w.embedded.tomcat.TomcatWebServer  : Tomcat initialized with port(s): 8060 (http)
2021-04-02 11:11:13.174  INFO 57404 --- [main] o.apache.catalina.core.StandardService   : Starting service [Tomcat]
2021-04-02 11:11:13.174  INFO 57404 --- [main] org.apache.catalina.core.StandardEngine  : Starting Servlet engine: [Apache Tomcat/9.0.43]
2021-04-02 11:11:13.229  INFO 57404 --- [main] o.a.c.c.C.[Tomcat].[localhost].[/]       : Initializing Spring embedded WebApplicationContext
2021-04-02 11:11:13.229  INFO 57404 --- [main] w.s.c.ServletWebServerApplicationContext : Root WebApplicationContext: initialization completed in 783 ms
2021-04-02 11:11:13.419  INFO 57404 --- [main] o.s.s.concurrent.ThreadPoolTaskExecutor  : Initializing ExecutorService 'applicationTaskExecutor'
2021-04-02 11:11:13.570  INFO 57404 --- [main] o.s.b.w.embedded.tomcat.TomcatWebServer  : Tomcat started on port(s): 8060 (http) with context path ''
2021-04-02 11:11:13.577  INFO 57404 --- [main] .o.e.a.ConnectorEwalletVietinApplication : Started ConnectorEwalletVietinApplication in 1.58 seconds (JVM running for 2.41)
2021-04-02 11:11:21.338  INFO 57404 --- [http-nio-8060-exec-2] o.a.c.c.C.[Tomcat].[localhost].[/]       : Initializing Spring DispatcherServlet 'dispatcherServlet'
2021-04-02 11:11:21.338  INFO 57404 --- [http-nio-8060-exec-2] o.s.web.servlet.DispatcherServlet        : Initializing Servlet 'dispatcherServlet'
2021-04-02 11:11:21.339  INFO 57404 --- [http-nio-8060-exec-2] o.s.web.servlet.DispatcherServlet        : Completed initialization in 1 ms
2021-04-02 11:11:21.472  INFO 57404 --- [http-nio-8060-exec-2] c.o.e.controller.VietinController        : == RequestID 12345 - Send TokenIssue Request to VIETIN
2021-04-02 11:11:21.473  INFO 57404 --- [http-nio-8060-exec-2] c.onefin.ewalletvtb.common.VietinUtils   : == Before Sign Data :: 1234512345123451234512345123451241444123451.0
2021-04-02 11:11:21.477 ERROR 57404 --- [http-nio-8060-exec-2] c.o.e.controller.VietinController        : == RequestID 12345 - Fail to process TokenIssue function: D:\Project\keys\onefin-privatekey-uat-vietin.der
2021-04-02 11:12:21.552  INFO 57404 --- [RMI TCP Connection(9)-127.0.0.1] inMXBeanRegistrar$SpringApplicationAdmin : Application shutdown requested.
2021-04-02 11:12:21.727  INFO 57404 --- [RMI TCP Connection(9)-127.0.0.1] o.s.s.concurrent.ThreadPoolTaskExecutor  : Shutting down ExecutorService 'applicationTaskExecutor'
2021-04-02 11:12:30.169  INFO 60008 --- [main] .o.e.a.ConnectorEwalletVietinApplication : Starting ConnectorEwalletVietinApplication using Java 1.8.0_281 on DESKTOP-KIDEAN2 with PID 60008 (E:\OneFin\source_code\conn-ewallet-vietinbank\target\classes started by Thai Ta in E:\OneFin\source_code\conn-ewallet-vietinbank)
2021-04-02 11:12:30.180  INFO 60008 --- [main] .o.e.a.ConnectorEwalletVietinApplication : No active profile set, falling back to default profiles: default
2021-04-02 11:12:30.923  INFO 60008 --- [main] o.s.b.w.embedded.tomcat.TomcatWebServer  : Tomcat initialized with port(s): 8060 (http)
2021-04-02 11:12:30.931  INFO 60008 --- [main] o.apache.catalina.core.StandardService   : Starting service [Tomcat]
2021-04-02 11:12:30.932  INFO 60008 --- [main] org.apache.catalina.core.StandardEngine  : Starting Servlet engine: [Apache Tomcat/9.0.43]
2021-04-02 11:12:30.991  INFO 60008 --- [main] o.a.c.c.C.[Tomcat].[localhost].[/]       : Initializing Spring embedded WebApplicationContext
2021-04-02 11:12:30.991  INFO 60008 --- [main] w.s.c.ServletWebServerApplicationContext : Root WebApplicationContext: initialization completed in 774 ms
2021-04-02 11:12:31.195  INFO 60008 --- [main] o.s.s.concurrent.ThreadPoolTaskExecutor  : Initializing ExecutorService 'applicationTaskExecutor'
2021-04-02 11:12:31.346  INFO 60008 --- [main] o.s.b.w.embedded.tomcat.TomcatWebServer  : Tomcat started on port(s): 8060 (http) with context path ''
2021-04-02 11:12:31.356  INFO 60008 --- [main] .o.e.a.ConnectorEwalletVietinApplication : Started ConnectorEwalletVietinApplication in 1.576 seconds (JVM running for 2.338)
2021-04-02 11:12:36.032  INFO 60008 --- [http-nio-8060-exec-2] o.a.c.c.C.[Tomcat].[localhost].[/]       : Initializing Spring DispatcherServlet 'dispatcherServlet'
2021-04-02 11:12:36.032  INFO 60008 --- [http-nio-8060-exec-2] o.s.web.servlet.DispatcherServlet        : Initializing Servlet 'dispatcherServlet'
2021-04-02 11:12:36.033  INFO 60008 --- [http-nio-8060-exec-2] o.s.web.servlet.DispatcherServlet        : Completed initialization in 1 ms
2021-04-02 11:12:36.189  INFO 60008 --- [http-nio-8060-exec-2] c.o.e.controller.VietinController        : == RequestID 12345 - Send TokenIssue Request to VIETIN
2021-04-02 11:12:36.191  INFO 60008 --- [http-nio-8060-exec-2] c.onefin.ewalletvtb.common.VietinUtils   : == Before Sign Data :: 1234512345123451234512345123451241444123451.0
2021-04-02 11:12:36.196 ERROR 60008 --- [http-nio-8060-exec-2] c.o.e.controller.VietinController        : == RequestID 12345 - Fail to process TokenIssue function: java.nio.file.NoSuchFileException: D:\Project\keys\onefin-privatekey-uat-vietin.der
2021-04-02 11:24:45.133  INFO 60008 --- [http-nio-8060-exec-5] c.o.e.controller.VietinController        : == RequestID 12345 - Send TokenIssue Request to VIETIN
2021-04-02 11:24:45.134  INFO 60008 --- [http-nio-8060-exec-5] c.onefin.ewalletvtb.common.VietinUtils   : == Before Sign Data :: 1234512345123451234512345123451241444123451.0
2021-04-02 11:24:45.136 ERROR 60008 --- [http-nio-8060-exec-5] c.o.e.controller.VietinController        : == RequestID 12345 - Fail to process TokenIssue function: java.nio.file.NoSuchFileException: D:\Project\keys\onefin-privatekey-uat-vietin.der
2021-04-02 11:43:34.800  INFO 60008 --- [RMI TCP Connection(40)-127.0.0.1] inMXBeanRegistrar$SpringApplicationAdmin : Application shutdown requested.
2021-04-02 11:43:34.986  INFO 60008 --- [RMI TCP Connection(40)-127.0.0.1] o.s.s.concurrent.ThreadPoolTaskExecutor  : Shutting down ExecutorService 'applicationTaskExecutor'
